This is pdfTeX, Version 3.141592653-2.6-1.40.25 (MiKTeX 23.10) (preloaded format=pdflatex 2024.1.25)  23 FEB 2024 11:04
entering extended mode
 restricted \write18 enabled.
 %&-line parsing enabled.
**./main.tex
(main.tex
LaTeX2e <2023-06-01> patch level 1
L3 programming layer <2023-08-29>
(C:\Users\bille\AppData\Local\Programs\MiKTeX\tex/latex/base\report.cls
Document Class: report 2023/05/17 v1.4n Standard LaTeX document class
(C:\Users\bille\AppData\Local\Programs\MiKTeX\tex/latex/base\size12.clo
File: size12.clo 2023/05/17 v1.4n Standard LaTeX file (size option)
)
\c@part=\count185
\c@chapter=\count186
\c@section=\count187
\c@subsection=\count188
\c@subsubsection=\count189
\c@paragraph=\count190
\c@subparagraph=\count191
\c@figure=\count192
\c@table=\count193
\abovecaptionskip=\skip48
\belowcaptionskip=\skip49
\bibindent=\dimen140
)
(C:\Users\bille\AppData\Local\Programs\MiKTeX\tex/latex/base\inputenc.sty
Package: inputenc 2021/02/14 v1.3d Input encoding file
\inpenc@prehook=\toks17
\inpenc@posthook=\toks18
)
(C:\Users\bille\AppData\Local\Programs\MiKTeX\tex/latex/geometry\geometry.sty
Package: geometry 2020/01/02 v5.9 Page Geometry

(C:\Users\bille\AppData\Local\Programs\MiKTeX\tex/latex/graphics\keyval.sty
Package: keyval 2022/05/29 v1.15 key=value parser (DPC)
\KV@toks@=\toks19
)
(C:\Users\bille\AppData\Local\Programs\MiKTeX\tex/generic/iftex\ifvtex.sty
Package: ifvtex 2019/10/25 v1.7 ifvtex legacy package. Use iftex instead.

(C:\Users\bille\AppData\Local\Programs\MiKTeX\tex/generic/iftex\iftex.sty
Package: iftex 2022/02/03 v1.0f TeX engine tests
))
\Gm@cnth=\count194
\Gm@cntv=\count195
\c@Gm@tempcnt=\count196
\Gm@bindingoffset=\dimen141
\Gm@wd@mp=\dimen142
\Gm@odd@mp=\dimen143
\Gm@even@mp=\dimen144
\Gm@layoutwidth=\dimen145
\Gm@layoutheight=\dimen146
\Gm@layouthoffset=\dimen147
\Gm@layoutvoffset=\dimen148
\Gm@dimlist=\toks20

(C:\Users\bille\AppData\Local\Programs\MiKTeX\tex/latex/geometry\geometry.cfg))
(C:\Users\bille\AppData\Local\Programs\MiKTeX\tex/latex/graphics\graphicx.sty
Package: graphicx 2021/09/16 v1.2d Enhanced LaTeX Graphics (DPC,SPQR)

(C:\Users\bille\AppData\Local\Programs\MiKTeX\tex/latex/graphics\graphics.sty
Package: graphics 2022/03/10 v1.4e Standard LaTeX Graphics (DPC,SPQR)

(C:\Users\bille\AppData\Local\Programs\MiKTeX\tex/latex/graphics\trig.sty
Package: trig 2021/08/11 v1.11 sin cos tan (DPC)
)
(C:\Users\bille\AppData\Local\Programs\MiKTeX\tex/latex/graphics-cfg\graphics.c
fg
File: graphics.cfg 2016/06/04 v1.11 sample graphics configuration
)
Package graphics Info: Driver file: pdftex.def on input line 107.

(C:\Users\bille\AppData\Local\Programs\MiKTeX\tex/latex/graphics-def\pdftex.def
File: pdftex.def 2022/09/22 v1.2b Graphics/color driver for pdftex
))
\Gin@req@height=\dimen149
\Gin@req@width=\dimen150
) (C:\Users\bille\AppData\Local\Programs\MiKTeX\tex/latex/subfig\subfig.sty
Package: subfig 2005/06/28 ver: 1.3 subfig package

(C:\Users\bille\AppData\Local\Programs\MiKTeX\tex/latex/caption\caption.sty
Package: caption 2023/08/05 v3.6o Customizing captions (AR)

(C:\Users\bille\AppData\Local\Programs\MiKTeX\tex/latex/caption\caption3.sty
Package: caption3 2023/07/31 v2.4d caption3 kernel (AR)
\caption@tempdima=\dimen151
\captionmargin=\dimen152
\caption@leftmargin=\dimen153
\caption@rightmargin=\dimen154
\caption@width=\dimen155
\caption@indent=\dimen156
\caption@parindent=\dimen157
\caption@hangindent=\dimen158
Package caption Info: Standard document class detected.
)
\c@caption@flags=\count197
\c@continuedfloat=\count198
)
\c@KVtest=\count199
\sf@farskip=\skip50
\sf@captopadj=\dimen159
\sf@capskip=\skip51
\sf@nearskip=\skip52
\c@subfigure=\count266
\c@subfigure@save=\count267
\c@lofdepth=\count268
\c@subtable=\count269
\c@subtable@save=\count270
\c@lotdepth=\count271
\sf@top=\skip53
\sf@bottom=\skip54
) (C:\Users\bille\AppData\Local\Programs\MiKTeX\tex/latex/hyperref\hyperref.sty
Package: hyperref 2023-07-08 v7.01b Hypertext links for LaTeX

(C:\Users\bille\AppData\Local\Programs\MiKTeX\tex/generic/ltxcmds\ltxcmds.sty
Package: ltxcmds 2023-12-04 v1.26 LaTeX kernel commands for general use (HO)
)
(C:\Users\bille\AppData\Local\Programs\MiKTeX\tex/generic/pdftexcmds\pdftexcmds
.sty
Package: pdftexcmds 2020-06-27 v0.33 Utility functions of pdfTeX for LuaTeX (HO
)

(C:\Users\bille\AppData\Local\Programs\MiKTeX\tex/generic/infwarerr\infwarerr.s
ty
Package: infwarerr 2019/12/03 v1.5 Providing info/warning/error messages (HO)
)
Package pdftexcmds Info: \pdf@primitive is available.
Package pdftexcmds Info: \pdf@ifprimitive is available.
Package pdftexcmds Info: \pdfdraftmode found.
)
(C:\Users\bille\AppData\Local\Programs\MiKTeX\tex/latex/kvsetkeys\kvsetkeys.sty
Package: kvsetkeys 2022-10-05 v1.19 Key value parser (HO)
)
(C:\Users\bille\AppData\Local\Programs\MiKTeX\tex/generic/kvdefinekeys\kvdefine
keys.sty
Package: kvdefinekeys 2019-12-19 v1.6 Define keys (HO)
)
(C:\Users\bille\AppData\Local\Programs\MiKTeX\tex/generic/pdfescape\pdfescape.s
ty
Package: pdfescape 2019/12/09 v1.15 Implements pdfTeX's escape features (HO)
) (C:\Users\bille\AppData\Local\Programs\MiKTeX\tex/latex/hycolor\hycolor.sty
Package: hycolor 2020-01-27 v1.10 Color options for hyperref/bookmark (HO)
)
(C:\Users\bille\AppData\Local\Programs\MiKTeX\tex/latex/letltxmacro\letltxmacro
.sty
Package: letltxmacro 2019/12/03 v1.6 Let assignment for LaTeX macros (HO)
)
(C:\Users\bille\AppData\Local\Programs\MiKTeX\tex/latex/auxhook\auxhook.sty
Package: auxhook 2019-12-17 v1.6 Hooks for auxiliary files (HO)
)
(C:\Users\bille\AppData\Local\Programs\MiKTeX\tex/latex/hyperref\nameref.sty
Package: nameref 2023-08-07 v2.53 Cross-referencing by name of section

(C:\Users\bille\AppData\Local\Programs\MiKTeX\tex/latex/refcount\refcount.sty
Package: refcount 2019/12/15 v3.6 Data extraction from label references (HO)
)
(C:\Users\bille\AppData\Local\Programs\MiKTeX\tex/generic/gettitlestring\gettit
lestring.sty
Package: gettitlestring 2019/12/15 v1.6 Cleanup title references (HO)

(C:\Users\bille\AppData\Local\Programs\MiKTeX\tex/latex/kvoptions\kvoptions.sty
Package: kvoptions 2022-06-15 v3.15 Key value format for package options (HO)
))
\c@section@level=\count272
)
(C:\Users\bille\AppData\Local\Programs\MiKTeX\tex/latex/etoolbox\etoolbox.sty
Package: etoolbox 2020/10/05 v2.5k e-TeX tools for LaTeX (JAW)
\etb@tempcnta=\count273
)
\@linkdim=\dimen160
\Hy@linkcounter=\count274
\Hy@pagecounter=\count275

(C:\Users\bille\AppData\Local\Programs\MiKTeX\tex/latex/hyperref\pd1enc.def
File: pd1enc.def 2023-07-08 v7.01b Hyperref: PDFDocEncoding definition (HO)
Now handling font encoding PD1 ...
... no UTF-8 mapping file for font encoding PD1
)
(C:\Users\bille\AppData\Local\Programs\MiKTeX\tex/generic/intcalc\intcalc.sty
Package: intcalc 2019/12/15 v1.3 Expandable calculations with integers (HO)
)
\Hy@SavedSpaceFactor=\count276

(C:\Users\bille\AppData\Local\Programs\MiKTeX\tex/latex/hyperref\puenc.def
File: puenc.def 2023-07-08 v7.01b Hyperref: PDF Unicode definition (HO)
Now handling font encoding PU ...
... no UTF-8 mapping file for font encoding PU
)
Package hyperref Info: Hyper figures OFF on input line 4167.
Package hyperref Info: Link nesting OFF on input line 4172.
Package hyperref Info: Hyper index ON on input line 4175.
Package hyperref Info: Plain pages OFF on input line 4182.
Package hyperref Info: Backreferencing OFF on input line 4187.
Package hyperref Info: Implicit mode ON; LaTeX internals redefined.
Package hyperref Info: Bookmarks ON on input line 4434.
\c@Hy@tempcnt=\count277

(C:\Users\bille\AppData\Local\Programs\MiKTeX\tex/latex/url\url.sty
\Urlmuskip=\muskip16
Package: url 2013/09/16  ver 3.4  Verb mode for urls, etc.
)
LaTeX Info: Redefining \url on input line 4772.
\XeTeXLinkMargin=\dimen161

(C:\Users\bille\AppData\Local\Programs\MiKTeX\tex/generic/bitset\bitset.sty
Package: bitset 2019/12/09 v1.3 Handle bit-vector datatype (HO)

(C:\Users\bille\AppData\Local\Programs\MiKTeX\tex/generic/bigintcalc\bigintcalc
.sty
Package: bigintcalc 2019/12/15 v1.5 Expandable calculations on big integers (HO
)
))
\Fld@menulength=\count278
\Field@Width=\dimen162
\Fld@charsize=\dimen163
Package hyperref Info: Hyper figures OFF on input line 6051.
Package hyperref Info: Link nesting OFF on input line 6056.
Package hyperref Info: Hyper index ON on input line 6059.
Package hyperref Info: backreferencing OFF on input line 6066.
Package hyperref Info: Link coloring OFF on input line 6071.
Package hyperref Info: Link coloring with OCG OFF on input line 6076.
Package hyperref Info: PDF/A mode OFF on input line 6081.

(C:\Users\bille\AppData\Local\Programs\MiKTeX\tex/latex/base\atbegshi-ltx.sty
Package: atbegshi-ltx 2021/01/10 v1.0c Emulation of the original atbegshi
package with kernel methods
)
\Hy@abspage=\count279
\c@Item=\count280
\c@Hfootnote=\count281
)
Package hyperref Info: Driver (autodetected): hpdftex.
(C:\Users\bille\AppData\Local\Programs\MiKTeX\tex/latex/hyperref\hpdftex.def
File: hpdftex.def 2023-07-08 v7.01b Hyperref driver for pdfTeX

(C:\Users\bille\AppData\Local\Programs\MiKTeX\tex/latex/base\atveryend-ltx.sty
Package: atveryend-ltx 2020/08/19 v1.0a Emulation of the original atveryend pac
kage
with kernel methods
)
\Fld@listcount=\count282
\c@bookmark@seq@number=\count283

(C:\Users\bille\AppData\Local\Programs\MiKTeX\tex/latex/rerunfilecheck\rerunfil
echeck.sty
Package: rerunfilecheck 2022-07-10 v1.10 Rerun checks for auxiliary files (HO)

(C:\Users\bille\AppData\Local\Programs\MiKTeX\tex/generic/uniquecounter\uniquec
ounter.sty
Package: uniquecounter 2019/12/15 v1.4 Provide unlimited unique counter (HO)
)
Package uniquecounter Info: New unique counter `rerunfilecheck' on input line 2
85.
)
\Hy@SectionHShift=\skip55
)
(C:\Users\bille\AppData\Local\Programs\MiKTeX\tex/latex/xcolor\xcolor.sty
Package: xcolor 2022/06/12 v2.14 LaTeX color extensions (UK)

(C:\Users\bille\AppData\Local\Programs\MiKTeX\tex/latex/graphics-cfg\color.cfg
File: color.cfg 2016/01/02 v1.6 sample color configuration
)
Package xcolor Info: Driver file: pdftex.def on input line 227.
(C:\Users\bille\AppData\Local\Programs\MiKTeX\tex/latex/graphics\mathcolor.ltx)
Package xcolor Info: Model `cmy' substituted by `cmy0' on input line 1353.
Package xcolor Info: Model `hsb' substituted by `rgb' on input line 1357.
Package xcolor Info: Model `RGB' extended on input line 1369.
Package xcolor Info: Model `HTML' substituted by `rgb' on input line 1371.
Package xcolor Info: Model `Hsb' substituted by `hsb' on input line 1372.
Package xcolor Info: Model `tHsb' substituted by `hsb' on input line 1373.
Package xcolor Info: Model `HSB' substituted by `hsb' on input line 1374.
Package xcolor Info: Model `Gray' substituted by `gray' on input line 1375.
Package xcolor Info: Model `wave' substituted by `hsb' on input line 1376.
) (C:\Users\bille\AppData\Local\Programs\MiKTeX\tex/generic/soul\soul.sty
Package: soul 2023-06-14 v3.1 Permit use of UTF-8 characters in soul (HO)

(C:\Users\bille\AppData\Local\Programs\MiKTeX\tex/generic/soul\soul-ori.sty
Package: soul-ori 2023-06-14 v3.1 letterspacing/underlining (mf)
\SOUL@word=\toks21
\SOUL@lasttoken=\toks22
\SOUL@syllable=\toks23
\SOUL@cmds=\toks24
\SOUL@buffer=\toks25
\SOUL@token=\toks26
\SOUL@syllgoal=\dimen164
\SOUL@syllwidth=\dimen165
\SOUL@charkern=\dimen166
\SOUL@hyphkern=\dimen167
\SOUL@dimen=\dimen168
\SOUL@dimeni=\dimen169
\SOUL@minus=\count284
\SOUL@comma=\count285
\SOUL@apo=\count286
\SOUL@grave=\count287
\SOUL@spaceskip=\skip56
\SOUL@ttwidth=\dimen170
\SOUL@uldp=\dimen171
\SOUL@ulht=\dimen172
)
(C:\Users\bille\AppData\Local\Programs\MiKTeX\tex/generic/etexcmds\etexcmds.sty
Package: etexcmds 2019/12/15 v1.7 Avoid name clashes with e-TeX commands (HO)
))
(C:\Users\bille\AppData\Local\Programs\MiKTeX\tex/latex/l3backend\l3backend-pdf
tex.def
File: l3backend-pdftex.def 2023-04-19 L3 backend support: PDF output (pdfTeX)
\l__color_backend_stack_int=\count288
\l__pdf_internal_box=\box51
) (main.aux (chapter_1.aux) (chapter_2.aux))
\openout1 = `main.aux'.

LaTeX Font Info:    Checking defaults for OML/cmm/m/it on input line 12.
LaTeX Font Info:    ... okay on input line 12.
LaTeX Font Info:    Checking defaults for OMS/cmsy/m/n on input line 12.
LaTeX Font Info:    ... okay on input line 12.
LaTeX Font Info:    Checking defaults for OT1/cmr/m/n on input line 12.
LaTeX Font Info:    ... okay on input line 12.
LaTeX Font Info:    Checking defaults for T1/cmr/m/n on input line 12.
LaTeX Font Info:    ... okay on input line 12.
LaTeX Font Info:    Checking defaults for TS1/cmr/m/n on input line 12.
LaTeX Font Info:    ... okay on input line 12.
LaTeX Font Info:    Checking defaults for OMX/cmex/m/n on input line 12.
LaTeX Font Info:    ... okay on input line 12.
LaTeX Font Info:    Checking defaults for U/cmr/m/n on input line 12.
LaTeX Font Info:    ... okay on input line 12.
LaTeX Font Info:    Checking defaults for PD1/pdf/m/n on input line 12.
LaTeX Font Info:    ... okay on input line 12.
LaTeX Font Info:    Checking defaults for PU/pdf/m/n on input line 12.
LaTeX Font Info:    ... okay on input line 12.

*geometry* driver: auto-detecting
*geometry* detected driver: pdftex
*geometry* verbose mode - [ preamble ] result:
* driver: pdftex
* paper: a4paper
* layout: <same size as paper>
* layoutoffset:(h,v)=(0.0pt,0.0pt)
* modes: 
* h-part:(L,W,R)=(85.35826pt, 441.01773pt, 71.13188pt)
* v-part:(T,H,B)=(71.13188pt, 702.78308pt, 71.13188pt)
* \paperwidth=597.50787pt
* \paperheight=845.04684pt
* \textwidth=441.01773pt
* \textheight=702.78308pt
* \oddsidemargin=13.08827pt
* \evensidemargin=13.08827pt
* \topmargin=-38.1381pt
* \headheight=12.0pt
* \headsep=25.0pt
* \topskip=12.0pt
* \footskip=30.0pt
* \marginparwidth=35.0pt
* \marginparsep=10.0pt
* \columnsep=10.0pt
* \skip\footins=10.8pt plus 4.0pt minus 2.0pt
* \hoffset=0.0pt
* \voffset=0.0pt
* \mag=1000
* \@twocolumnfalse
* \@twosidefalse
* \@mparswitchfalse
* \@reversemarginfalse
* (1in=72.27pt=25.4mm, 1cm=28.453pt)


(C:\Users\bille\AppData\Local\Programs\MiKTeX\tex/context/base/mkii\supp-pdf.mk
ii
[Loading MPS to PDF converter (version 2006.09.02).]
\scratchcounter=\count289
\scratchdimen=\dimen173
\scratchbox=\box52
\nofMPsegments=\count290
\nofMParguments=\count291
\everyMPshowfont=\toks27
\MPscratchCnt=\count292
\MPscratchDim=\dimen174
\MPnumerator=\count293
\makeMPintoPDFobject=\count294
\everyMPtoPDFconversion=\toks28
)
(C:\Users\bille\AppData\Local\Programs\MiKTeX\tex/latex/epstopdf-pkg\epstopdf-b
ase.sty
Package: epstopdf-base 2020-01-24 v2.11 Base part for package epstopdf
Package epstopdf-base Info: Redefining graphics rule for `.eps' on input line 4
85.

(C:\Users\bille\AppData\Local\Programs\MiKTeX\tex/latex/00miktex\epstopdf-sys.c
fg
File: epstopdf-sys.cfg 2021/03/18 v2.0 Configuration of epstopdf for MiKTeX
))
Package caption Info: Begin \AtBeginDocument code.
Package caption Info: subfig package v1.3 is loaded.
Package caption Info: hyperref package is loaded.
Package caption Info: End \AtBeginDocument code.
Package hyperref Info: Link coloring OFF on input line 12.
 (main.out) (main.out)
\@outlinefile=\write3
\openout3 = `main.out'.

 (main.toc
LaTeX Font Info:    External font `cmex10' loaded for size
(Font)              <12> on input line 2.
LaTeX Font Info:    External font `cmex10' loaded for size
(Font)              <8> on input line 2.
LaTeX Font Info:    External font `cmex10' loaded for size
(Font)              <6> on input line 2.
 [1


{C:/Users/bille/AppData/Local/MiKTeX/fonts/map/pdftex/pdftex.map}]
Overfull \hbox (3.98634pt too wide) in paragraph at lines 64--64
 [] [][]\OT1/cmr/bx/n/12 Hardware Tro-jan In-ser-tion/Detection Prin-ci-ple Ap-
proaches and Tools[] []  
 []


Overfull \hbox (7.36652pt too wide) in paragraph at lines 75--75
 [][] [][]\OT1/cmr/m/n/12 Advantages/disadvantages of invasive/non-invasive de-
tec-tion tech- 
 []

)
\tf@toc=\write4
\openout4 = `main.toc'.

 [2] (main.lof)
\tf@lof=\write5
\openout5 = `main.lof'.

 [3

]
\openout2 = `chapter_1.aux'.

 (chapter_1.tex
Chapter 1.
LaTeX Font Info:    External font `cmex10' loaded for size
(Font)              <7> on input line 10.
LaTeX Font Info:    External font `cmex10' loaded for size
(Font)              <5> on input line 10.
[4


] [5]
<../Figures/ic_market_model.png, id=488, 525.46312pt x 385.44pt>
File: ../Figures/ic_market_model.png Graphic file (type png)
<use ../Figures/ic_market_model.png>
Package pdftex.def Info: ../Figures/ic_market_model.png  used on input line 44.

(pdftex.def)             Requested size: 525.46184pt x 385.43906pt.

Overfull \hbox (84.4441pt too wide) in paragraph at lines 44--45
 [][] 
 []


LaTeX Warning: `h' float specifier changed to `ht'.

[6] [7 <../Figures/ic_market_model.png>] [8]

LaTeX Warning: Citation `4559047a' on page 9 undefined on input line 78.

<../Figures/Trojan_classification.png, id=522, 648.92438pt x 408.02437pt>
File: ../Figures/Trojan_classification.png Graphic file (type png)
<use ../Figures/Trojan_classification.png>
Package pdftex.def Info: ../Figures/Trojan_classification.png  used on input li
ne 90.
(pdftex.def)             Requested size: 396.91325pt x 249.57314pt.

LaTeX Warning: `h' float specifier changed to `ht'.

[9] [10 <../Figures/Trojan_classification.png>]
Overfull \hbox (5.27763pt too wide) in paragraph at lines 108--109
 [] \OT1/cmr/m/n/12 In their study [[]], they Cat-e-go-rized hard-ware tro-jans
 into two groups:
 []

<../Figures/bug_based_ht.png, id=547, 385.44pt x 225.09094pt>
File: ../Figures/bug_based_ht.png Graphic file (type png)
<use ../Figures/bug_based_ht.png>
Package pdftex.def Info: ../Figures/bug_based_ht.png  used on input line 114.
(pdftex.def)             Requested size: 308.71106pt x 180.28249pt.

LaTeX Warning: `h' float specifier changed to `ht'.

[11]
<../Figures/parasite_based_ht.png, id=560, 385.44pt x 225.84375pt>
File: ../Figures/parasite_based_ht.png Graphic file (type png)
<use ../Figures/parasite_based_ht.png>
Package pdftex.def Info: ../Figures/parasite_based_ht.png  used on input line 1
26.
(pdftex.def)             Requested size: 308.71106pt x 180.88544pt.
 [12 <../Figures/bug_based_ht.png> <../Figures/parasite_based_ht.png>]
<../Figures/Bhunia_model.png, id=570, 453.94594pt x 240.14719pt>
File: ../Figures/Bhunia_model.png Graphic file (type png)
<use ../Figures/Bhunia_model.png>
Package pdftex.def Info: ../Figures/Bhunia_model.png  used on input line 140.
(pdftex.def)             Requested size: 308.71106pt x 163.31622pt.

[13 <../Figures/Bhunia_model.png>]
<../Figures/ip_level_trojan.png, id=582, 609.77812pt x 271.0125pt>
File: ../Figures/ip_level_trojan.png Graphic file (type png)
<use ../Figures/ip_level_trojan.png>
Package pdftex.def Info: ../Figures/ip_level_trojan.png  used on input line 154
.
(pdftex.def)             Requested size: 308.71106pt x 137.20966pt.
<../Figures/bus_level_trojan.png, id=585, 614.295pt x 271.0125pt>
File: ../Figures/bus_level_trojan.png Graphic file (type png)
<use ../Figures/bus_level_trojan.png>
Package pdftex.def Info: ../Figures/bus_level_trojan.png  used on input line 16
4.
(pdftex.def)             Requested size: 308.71106pt x 136.1965pt.
<../Figures/soc_level_ht.png, id=587, 614.295pt x 271.0125pt>
File: ../Figures/soc_level_ht.png Graphic file (type png)
<use ../Figures/soc_level_ht.png>
Package pdftex.def Info: ../Figures/soc_level_ht.png  used on input line 178.
(pdftex.def)             Requested size: 308.71106pt x 136.1965pt.
 [14 <../Figures/ip_level_trojan.png> <../Figures/bus_level_trojan.png>] [15 <.
./Figures/soc_level_ht.png>]
<../Figures/mechanism.png, id=611, 298.86656pt x 167.87718pt>
File: ../Figures/mechanism.png Graphic file (type png)
<use ../Figures/mechanism.png>
Package pdftex.def Info: ../Figures/mechanism.png  used on input line 209.
(pdftex.def)             Requested size: 199.16928pt x 111.8777pt.
<../Figures/event_sequence.png, id=612, 377.15906pt x 204.765pt>
File: ../Figures/event_sequence.png Graphic file (type png)
<use ../Figures/event_sequence.png>
Package pdftex.def Info: ../Figures/event_sequence.png  used on input line 211.

(pdftex.def)             Requested size: 199.16928pt x 108.13124pt.
 [16 <../Figures/mechanism.png> <../Figures/event_sequence.png>]
<../Figures/hardware_counter.png, id=629, 410.2828pt x 238.64156pt>
File: ../Figures/hardware_counter.png Graphic file (type png)
<use ../Figures/hardware_counter.png>
Package pdftex.def Info: ../Figures/hardware_counter.png  used on input line 23
1.
(pdftex.def)             Requested size: 308.71106pt x 179.5597pt.


LaTeX Warning: `h' float specifier changed to `ht'.

[17] [18 <../Figures/hardware_counter.png>]
<../Figures/rarely_nets.png, id=658, 414.79968pt x 225.84375pt>
File: ../Figures/rarely_nets.png Graphic file (type png)
<use ../Figures/rarely_nets.png>
Package pdftex.def Info: ../Figures/rarely_nets.png  used on input line 255.
(pdftex.def)             Requested size: 414.79868pt x 225.84319pt.


LaTeX Warning: `h' float specifier changed to `ht'.

<../Figures/leakage.png, id=660, 478.03593pt x 243.91125pt>
File: ../Figures/leakage.png Graphic file (type png)
<use ../Figures/leakage.png>
Package pdftex.def Info: ../Figures/leakage.png  used on input line 269.
(pdftex.def)             Requested size: 478.03476pt x 243.91064pt.

Overfull \hbox (37.01703pt too wide) in paragraph at lines 269--270
 [][] 
 []

[19]

LaTeX Warning: `h' float specifier changed to `ht'.

[20 <../Figures/rarely_nets.png>]
<../Figures/payload_classification.png, id=679, 513.41812pt x 268.00125pt>
File: ../Figures/payload_classification.png Graphic file (type png)
<use ../Figures/payload_classification.png>
Package pdftex.def Info: ../Figures/payload_classification.png  used on input l
ine 297.
(pdftex.def)             Requested size: 308.71106pt x 161.14548pt.
 [21 <../Figures/leakage.png>] [22 <../Figures/payload_classification.png>]
<../Figures/trojan_insertion.png, id=697, 292.09125pt x 177.66376pt>
File: ../Figures/trojan_insertion.png Graphic file (type png)
<use ../Figures/trojan_insertion.png>
Package pdftex.def Info: ../Figures/trojan_insertion.png  used on input line 32
1.
(pdftex.def)             Requested size: 308.71106pt x 187.78862pt.


LaTeX Warning: `h' float specifier changed to `ht'.

[23] [24 <../Figures/trojan_insertion.png>]
<../Figures/combinational.png, id=716, 488.57532pt x 228.855pt>
File: ../Figures/combinational.png Graphic file (type png)
<use ../Figures/combinational.png>
Package pdftex.def Info: ../Figures/combinational.png  used on input line 341.
(pdftex.def)             Requested size: 308.71106pt x 144.60542pt.
<../Figures/sequential.png, id=718, 480.29437pt x 243.91125pt>
File: ../Figures/sequential.png Graphic file (type png)
<use ../Figures/sequential.png>
Package pdftex.def Info: ../Figures/sequential.png  used on input line 354.
(pdftex.def)             Requested size: 308.71106pt x 156.77629pt.


LaTeX Warning: `h' float specifier changed to `ht'.

[25 <../Figures/combinational.png>]
<../Figures/threat_model.png, id=732, 441.90094pt x 274.02374pt>
File: ../Figures/threat_model.png Graphic file (type png)
<use ../Figures/threat_model.png>
Package pdftex.def Info: ../Figures/threat_model.png  used on input line 366.
(pdftex.def)             Requested size: 308.71106pt x 191.439pt.
 [26 <../Figures/sequential.png> <../Figures/threat_model.png>]
<../Figures/RF_trojan.png, id=743, 435.12563pt x 182.93344pt>
File: ../Figures/RF_trojan.png Graphic file (type png)
<use ../Figures/RF_trojan.png>
Package pdftex.def Info: ../Figures/RF_trojan.png  used on input line 377.
(pdftex.def)             Requested size: 308.71106pt x 129.79431pt.
 [27 <../Figures/RF_trojan.png>] [28]
Overfull \hbox (11.07132pt too wide) in paragraph at lines 419--420
[]\OT1/cmr/bx/n/12 Compromised Se-cu-rity Pro-to-cols: \OT1/cmr/m/n/12 Mem-ory 
is of-ten in-volved in stor-ing security-
 []

[29] [30] [31] [32] [33]
<../Figures/aes128_code.png, id=827, 315.42844pt x 161.10187pt>
File: ../Figures/aes128_code.png Graphic file (type png)
<use ../Figures/aes128_code.png>
Package pdftex.def Info: ../Figures/aes128_code.png  used on input line 521.
(pdftex.def)             Requested size: 308.71106pt x 157.67963pt.
 [34 <../Figures/aes128_code.png>]) [35]
\openout2 = `chapter_2.aux'.

 (chapter_2.tex
Chapter 2.
[36




]
<../Figures/Trojan_insetion.png, id=851, 662.475pt x 271.0125pt>
File: ../Figures/Trojan_insetion.png Graphic file (type png)
<use ../Figures/Trojan_insetion.png>
Package pdftex.def Info: ../Figures/Trojan_insetion.png  used on input line 24.

(pdftex.def)             Requested size: 441.01773pt x 180.41539pt.


LaTeX Warning: `h' float specifier changed to `ht'.


LaTeX Warning: Citation `insert01' on page 37 undefined on input line 30.

[37] [38 <../Figures/Trojan_insetion.png>] [39] [40] [41] [42] [43] [44]
[45] [46] [47] [48] [49]
<../Figures/model_checker.png, id=1041, 380.92313pt x 401.24907pt>
File: ../Figures/model_checker.png Graphic file (type png)
<use ../Figures/model_checker.png>
Package pdftex.def Info: ../Figures/model_checker.png  used on input line 208.
(pdftex.def)             Requested size: 198.45662pt x 209.04256pt.
 [50 <../Figures/model_checker.png>] [51] [52] [53]
<../Figures/PUF_algorithm.png, id=1087, 697.8572pt x 205.5178pt>
File: ../Figures/PUF_algorithm.png Graphic file (type png)
<use ../Figures/PUF_algorithm.png>
Package pdftex.def Info: ../Figures/PUF_algorithm.png  used on input line 277.
(pdftex.def)             Requested size: 396.91325pt x 116.8892pt.

[54 <../Figures/PUF_algorithm.png>] [55] [56] [57] [58]) [59] (main.bbl
[60



] [61] [62]) [63] (main.aux (chapter_1.aux) (chapter_2.aux))
 ***********
LaTeX2e <2023-06-01> patch level 1
L3 programming layer <2023-08-29>
 ***********


LaTeX Warning: There were undefined references.

Package rerunfilecheck Info: File `main.out' has not changed.
(rerunfilecheck)             Checksum: FD06870631A073951C53317AF627E56C;16232.
 ) 
Here is how much of TeX's memory you used:
 12088 strings out of 475247
 197412 string characters out of 5757792
 1941785 words of memory out of 5000000
 32942 multiletter control sequences out of 15000+600000
 563926 words of font info for 55 fonts, out of 8000000 for 9000
 1141 hyphenation exceptions out of 8191
 75i,11n,79p,1471b,534s stack positions out of 10000i,1000n,20000p,200000b,200000s
 <C:\Users\bille\AppData\Local\MiKTeX\fonts/pk/ljfour/jknappen/ec/dpi600\tcrm
1200.pk><C:/Users/bille/AppData/Local/Programs/MiKTeX/fonts/type1/public/amsfon
ts/cm/cmbx12.pfb><C:/Users/bille/AppData/Local/Programs/MiKTeX/fonts/type1/publ
ic/amsfonts/cm/cmmi12.pfb><C:/Users/bille/AppData/Local/Programs/MiKTeX/fonts/t
ype1/public/amsfonts/cm/cmr10.pfb><C:/Users/bille/AppData/Local/Programs/MiKTeX
/fonts/type1/public/amsfonts/cm/cmr12.pfb><C:/Users/bille/AppData/Local/Program
s/MiKTeX/fonts/type1/public/amsfonts/cm/cmr7.pfb><C:/Users/bille/AppData/Local/
Programs/MiKTeX/fonts/type1/public/amsfonts/cm/cmr8.pfb><C:/Users/bille/AppData
/Local/Programs/MiKTeX/fonts/type1/public/amsfonts/cm/cmti12.pfb>
Output written on main.pdf (63 pages, 1305225 bytes).
PDF statistics:
 1333 PDF objects out of 1440 (max. 8388607)
 534 named destinations out of 1000 (max. 500000)
 740 words of extra memory for PDF output out of 10000 (max. 10000000)

