\BOOKMARK [0][-]{chapter.1}{\376\377\000G\000e\000n\000e\000r\000a\000l\000\040\000c\000o\000n\000c\000e\000p\000t\000s\000\040\000o\000f\000\040\000H\000a\000r\000d\000w\000a\000r\000e\000\040\000T\000r\000o\000j\000a\000n\000s}{}% 1
\BOOKMARK [1][-]{section.1.1}{\376\377\000I\000n\000t\000r\000o\000d\000u\000c\000t\000i\000o\000n}{chapter.1}% 2
\BOOKMARK [1][-]{section.1.2}{\376\377\000D\000e\000f\000i\000n\000i\000t\000i\000o\000n}{chapter.1}% 3
\BOOKMARK [1][-]{section.1.3}{\376\377\000H\000a\000r\000d\000w\000a\000r\000e\000\040\000T\000r\000o\000j\000a\000n\000\040\000t\000h\000r\000e\000a\000t\000s}{chapter.1}% 4
\BOOKMARK [2][-]{subsection.1.3.1}{\376\377\000I\000C\000\040\000m\000a\000r\000k\000e\000t\000\040\000m\000o\000d\000e\000l}{section.1.3}% 5
\BOOKMARK [2][-]{subsection.1.3.2}{\376\377\000H\000T\000\040\000t\000h\000r\000e\000a\000t\000\040\000b\000e\000t\000w\000e\000e\000n\000\040\000S\000o\000C\000\040\000d\000e\000s\000i\000g\000n\000e\000r\000s\000\040\000a\000n\000d\000\040\000f\000o\000u\000n\000d\000r\000i\000e\000s}{section.1.3}% 6
\BOOKMARK [2][-]{subsection.1.3.3}{\376\377\000H\000T\000\040\000t\000h\000r\000e\000a\000t\000\040\000b\000e\000t\000w\000e\000e\000n\000\040\000S\000o\000C\000\040\000d\000e\000s\000i\000g\000n\000e\000r\000s\000\040\000a\000n\000d\000\040\000I\000P\000\040\000v\000e\000n\000d\000o\000r\000s}{section.1.3}% 7
\BOOKMARK [2][-]{subsection.1.3.4}{\376\377\000H\000T\000\040\000t\000h\000r\000e\000a\000t\000\040\000b\000e\000t\000w\000e\000e\000n\000\040\000I\000P\000\040\000v\000e\000n\000d\000o\000r\000s\000\040\000\050\000o\000r\000\040\000S\000o\000C\000\040\000d\000e\000s\000i\000g\000n\000e\000r\000s\000\051\000\040\000a\000n\000d\000\040\000E\000D\000A\000\040\000v\000e\000n\000d\000o\000r\000s}{section.1.3}% 8
\BOOKMARK [2][-]{subsection.1.3.5}{\376\377\000H\000T\000\040\000t\000h\000r\000e\000a\000t\000\040\000b\000e\000t\000w\000e\000e\000n\000\040\000e\000n\000d\000\040\000u\000s\000e\000r\000s\000\040\000a\000n\000d\000\040\000S\000o\000C\000\040\000d\000e\000s\000i\000g\000n\000e\000r\000s}{section.1.3}% 9
\BOOKMARK [1][-]{section.1.4}{\376\377\000C\000r\000i\000t\000i\000c\000a\000l\000\040\000f\000i\000e\000l\000d\000s\000\040\000a\000f\000f\000e\000c\000t\000e\000d\000\040\000b\000y\000\040\000T\000r\000o\000j\000a\000n\000s}{chapter.1}% 10
\BOOKMARK [2][-]{subsection.1.4.1}{\376\377\000M\000i\000l\000i\000t\000a\000r\000y}{section.1.4}% 11
\BOOKMARK [2][-]{subsection.1.4.2}{\376\377\000B\000a\000n\000k\000i\000n\000g\000\040\000a\000n\000d\000\040\000F\000i\000n\000a\000n\000c\000e}{section.1.4}% 12
\BOOKMARK [2][-]{subsection.1.4.3}{\376\377\000N\000u\000c\000l\000e\000a\000r\000\040\000c\000e\000n\000t\000e\000r\000s\000\040\000a\000n\000d\000\040\000d\000r\000i\000l\000l\000i\000n\000g\000\040\000R\000i\000g\000s}{section.1.4}% 13
\BOOKMARK [1][-]{section.1.5}{\376\377\000T\000r\000o\000j\000a\000n\000\040\000T\000a\000x\000o\000n\000o\000m\000y\000\040\000a\000n\000d\000\040\000C\000l\000a\000s\000s\000i\000f\000i\000c\000a\000t\000i\000o\000n}{chapter.1}% 14
\BOOKMARK [2][-]{subsection.1.5.1}{\376\377\000B\000a\000n\000g\000a\000\040\000e\000t\000\040\000a\000l\000.\000\040\000c\000l\000a\000s\000s\000i\000f\000i\000c\000a\000t\000i\000o\000n}{section.1.5}% 15
\BOOKMARK [2][-]{subsection.1.5.2}{\376\377\000T\000e\000h\000r\000a\000n\000i\000p\000o\000o\000r\000\040\000e\000t\000\040\000a\000l\000.\000\040\000c\000l\000a\000s\000s\000i\000f\000i\000c\000a\000t\000i\000o\000n}{section.1.5}% 16
\BOOKMARK [2][-]{subsection.1.5.3}{\376\377\000Z\000h\000a\000n\000g\000\040\000e\000t\000\040\000a\000l\000.\000\040\000c\000l\000a\000s\000s\000i\000f\000i\000c\000a\000t\000i\000o\000n}{section.1.5}% 17
\BOOKMARK [2][-]{subsection.1.5.4}{\376\377\000B\000h\000u\000n\000i\000a\000\040\000e\000t\000\040\000a\000l\000.\000\040\000c\000l\000a\000s\000s\000i\000f\000i\000c\000a\000t\000i\000o\000n}{section.1.5}% 18
\BOOKMARK [2][-]{subsection.1.5.5}{\376\377\000H\000u\000a\000n\000g\000\040\000e\000t\000\040\000a\000l\000.\000\040\000c\000l\000a\000s\000s\000i\000f\000i\000c\000a\000t\000i\000o\000n}{section.1.5}% 19
\BOOKMARK [1][-]{section.1.6}{\376\377\000A\000c\000t\000i\000v\000a\000t\000i\000o\000n\000\040\000M\000e\000c\000h\000a\000n\000i\000s\000m}{chapter.1}% 20
\BOOKMARK [2][-]{subsection.1.6.1}{\376\377\000A\000l\000w\000a\000y\000s\000\040\000O\000N}{section.1.6}% 21
\BOOKMARK [2][-]{subsection.1.6.2}{\376\377\000I\000n\000t\000e\000r\000n\000a\000l\000l\000y\000\040\000t\000r\000i\000g\000g\000e\000r\000e\000d}{section.1.6}% 22
\BOOKMARK [1][-]{section.1.7}{\376\377\000T\000r\000o\000j\000a\000n\000\040\000a\000c\000t\000i\000v\000a\000t\000i\000o\000n\000\040\000m\000e\000t\000h\000o\000d\000s}{chapter.1}% 23
\BOOKMARK [2][-]{subsection.1.7.1}{\376\377\000R\000e\000g\000i\000o\000n\000-\000f\000r\000e\000e\000\040\000T\000r\000o\000j\000a\000n\000\040\000A\000c\000t\000i\000v\000a\000t\000i\000o\000n}{section.1.7}% 24
\BOOKMARK [2][-]{subsection.1.7.2}{\376\377\000R\000e\000g\000i\000o\000n\000-\000a\000w\000a\000r\000e\000\040\000T\000r\000o\000j\000a\000n\000\040\000A\000c\000t\000i\000v\000a\000t\000i\000o\000n}{section.1.7}% 25
\BOOKMARK [1][-]{section.1.8}{\376\377\000H\000a\000r\000d\000w\000a\000r\000e\000\040\000T\000r\000o\000j\000a\000n\000\040\000P\000a\000y\000l\000o\000a\000d}{chapter.1}% 26
\BOOKMARK [2][-]{subsection.1.8.1}{\376\377\000D\000a\000t\000a\000\040\000L\000e\000a\000k\000a\000g\000e}{section.1.8}% 27
\BOOKMARK [2][-]{subsection.1.8.2}{\376\377\000D\000e\000n\000i\000a\000l\000\040\000o\000f\000\040\000S\000e\000r\000v\000i\000c\000e\000\040\000\050\000D\000o\000S\000\051}{section.1.8}% 28
\BOOKMARK [2][-]{subsection.1.8.3}{\376\377\000U\000n\000a\000u\000t\000h\000o\000r\000i\000z\000e\000d\000\040\000A\000c\000c\000e\000s\000s}{section.1.8}% 29
\BOOKMARK [2][-]{subsection.1.8.4}{\376\377\000F\000u\000n\000c\000t\000i\000o\000n\000a\000l\000i\000t\000y\000\040\000A\000l\000t\000e\000r\000a\000t\000i\000o\000n}{section.1.8}% 30
\BOOKMARK [2][-]{subsection.1.8.5}{\376\377\000T\000r\000i\000g\000g\000e\000r\000e\000d\000\040\000M\000a\000l\000w\000a\000r\000e\000\040\000A\000c\000t\000i\000v\000a\000t\000i\000o\000n}{section.1.8}% 31
\BOOKMARK [1][-]{section.1.9}{\376\377\000O\000p\000e\000r\000a\000t\000i\000o\000n\000\040\000B\000a\000s\000e\000d\000\040\000p\000a\000y\000l\000o\000a\000d\000\040\000c\000l\000a\000s\000s\000i\000f\000i\000c\000a\000t\000i\000o\000n}{chapter.1}% 32
\BOOKMARK [2][-]{subsection.1.9.1}{\376\377\000P\000a\000y\000l\000o\000a\000d\000\040\000g\000e\000n\000e\000r\000a\000t\000e\000s\000\040\000n\000e\000w\000\040\000o\000p\000e\000r\000a\000t\000i\000o\000n\000s}{section.1.9}% 33
\BOOKMARK [2][-]{subsection.1.9.2}{\376\377\000P\000a\000y\000l\000o\000a\000d\000\040\000m\000o\000d\000i\000f\000i\000e\000s\000\040\000c\000o\000n\000t\000r\000o\000l\000\040\000i\000n\000t\000e\000r\000f\000a\000c\000e\000\040\000f\000o\000r\000\040\000c\000u\000r\000r\000e\000n\000t\000\040\000o\000p\000e\000r\000a\000t\000i\000o\000n\000s}{section.1.9}% 34
\BOOKMARK [2][-]{subsection.1.9.3}{\376\377\000P\000a\000y\000l\000o\000a\000d\000\040\000m\000o\000d\000i\000f\000i\000e\000s\000\040\000d\000a\000t\000a\000\040\000i\000n\000t\000e\000r\000f\000a\000c\000e\000\040\000f\000o\000r\000\040\000c\000u\000r\000r\000e\000n\000t\000\040\000o\000p\000e\000r\000a\000t\000i\000o\000n\000s}{section.1.9}% 35
\BOOKMARK [1][-]{section.1.10}{\376\377\000H\000a\000r\000d\000w\000a\000r\000e\000\040\000T\000r\000o\000j\000a\000n\000\040\000a\000r\000c\000h\000i\000t\000e\000c\000t\000u\000r\000e\000\040\000a\000n\000d\000\040\000d\000e\000s\000i\000g\000n}{chapter.1}% 36
\BOOKMARK [2][-]{subsection.1.10.1}{\376\377\000C\000o\000m\000b\000i\000n\000a\000t\000i\000o\000n\000a\000l\000\040\000T\000r\000o\000j\000a\000n\000s}{section.1.10}% 37
\BOOKMARK [2][-]{subsection.1.10.2}{\376\377\000S\000e\000q\000u\000e\000n\000t\000i\000a\000l\000\040\000T\000r\000o\000j\000a\000n\000s}{section.1.10}% 38
\BOOKMARK [2][-]{subsection.1.10.3}{\376\377\000A\000n\000a\000l\000o\000g\000/\000R\000F\000\040\000T\000r\000o\000j\000a\000n\000s}{section.1.10}% 39
\BOOKMARK [2][-]{subsection.1.10.4}{\376\377\000P\000i\000g\000g\000y\000b\000a\000c\000k\000i\000n\000g}{section.1.10}% 40
\BOOKMARK [2][-]{subsection.1.10.5}{\376\377\000F\000a\000u\000l\000t\000-\000b\000a\000s\000e\000d\000\040\000T\000r\000o\000j\000a\000n\000s}{section.1.10}% 41
\BOOKMARK [1][-]{section.1.11}{\376\377\000L\000o\000c\000a\000t\000i\000o\000n\000\040\000o\000f\000\040\000h\000a\000r\000d\000w\000a\000r\000e\000\040\000T\000r\000o\000j\000a\000n\000s\000\040}{chapter.1}% 42
\BOOKMARK [2][-]{subsection.1.11.1}{\376\377\000P\000r\000o\000c\000e\000s\000s\000o\000r}{section.1.11}% 43
\BOOKMARK [2][-]{subsection.1.11.2}{\376\377\000M\000e\000m\000o\000r\000y}{section.1.11}% 44
\BOOKMARK [2][-]{subsection.1.11.3}{\376\377\000I\000/\000O}{section.1.11}% 45
\BOOKMARK [2][-]{subsection.1.11.4}{\376\377\000P\000o\000w\000e\000r\000\040\000s\000u\000p\000p\000l\000y}{section.1.11}% 46
\BOOKMARK [2][-]{subsection.1.11.5}{\376\377\000C\000l\000o\000c\000k}{section.1.11}% 47
\BOOKMARK [1][-]{section.1.12}{\376\377\000E\000f\000f\000e\000c\000t\000s\000\040\000o\000f\000\040\000h\000a\000r\000d\000w\000a\000r\000e\000\040\000T\000r\000o\000j\000a\000n\000s}{chapter.1}% 48
\BOOKMARK [2][-]{subsection.1.12.1}{\376\377\000C\000h\000a\000n\000g\000e\000\040\000f\000u\000n\000c\000t\000i\000o\000n}{section.1.12}% 49
\BOOKMARK [2][-]{subsection.1.12.2}{\376\377\000R\000e\000d\000u\000c\000e\000\040\000r\000e\000l\000i\000a\000b\000i\000l\000i\000t\000y}{section.1.12}% 50
\BOOKMARK [2][-]{subsection.1.12.3}{\376\377\000L\000e\000a\000k\000\040\000i\000n\000f\000o\000r\000m\000a\000t\000i\000o\000n}{section.1.12}% 51
\BOOKMARK [2][-]{subsection.1.12.4}{\376\377\000D\000e\000n\000i\000a\000l\000\040\000o\000f\000\040\000s\000e\000r\000v\000i\000c\000e\000\040\000\050\000D\000o\000S\000\051}{section.1.12}% 52
\BOOKMARK [1][-]{section.1.13}{\376\377\000C\000o\000m\000p\000a\000r\000i\000s\000o\000n\000\040\000o\000f\000\040\000s\000o\000m\000e\000\040\000h\000a\000r\000d\000w\000a\000r\000e\000\040\000T\000r\000o\000j\000a\000n\000s\000\040\000a\000t\000t\000a\000c\000k\000s}{chapter.1}% 53
\BOOKMARK [2][-]{subsection.1.13.1}{\376\377\000L\000o\000g\000i\000c\000\040\000T\000r\000o\000j\000a\000n\000s\000\040\000v\000s\000\040\000A\000n\000a\000l\000o\000g\000\040\000T\000r\000o\000j\000a\000n\000s}{section.1.13}% 54
\BOOKMARK [2][-]{subsection.1.13.2}{\376\377\000D\000e\000s\000i\000g\000n\000-\000L\000e\000v\000e\000l\000\040\000T\000r\000o\000j\000a\000n\000s\000\040\000v\000s\000.\000\040\000P\000i\000g\000g\000y\000b\000a\000c\000k\000i\000n\000g}{section.1.13}% 55
\BOOKMARK [2][-]{subsection.1.13.3}{\376\377\000F\000a\000u\000l\000t\000-\000b\000a\000s\000e\000d\000\040\000T\000r\000o\000j\000a\000n\000s\000\040\000v\000s\000.\000\040\000P\000h\000y\000s\000i\000c\000a\000l\000\040\000A\000t\000t\000a\000c\000k\000s}{section.1.13}% 56
\BOOKMARK [2][-]{subsection.1.13.4}{\376\377\000S\000u\000p\000p\000l\000y\000\040\000C\000h\000a\000i\000n\000\040\000A\000t\000t\000a\000c\000k\000s\000\040\000v\000s\000.\000\040\000S\000t\000e\000a\000l\000t\000h\000\040\000T\000e\000c\000h\000n\000i\000q\000u\000e\000s}{section.1.13}% 57
\BOOKMARK [2][-]{subsection.1.13.5}{\376\377\000S\000i\000d\000e\000-\000C\000h\000a\000n\000n\000e\000l\000\040\000A\000t\000t\000a\000c\000k\000s\000\040\000v\000s\000.\000\040\000T\000i\000m\000e\000-\000b\000a\000s\000e\000d\000\040\000A\000c\000t\000i\000v\000a\000t\000i\000o\000n}{section.1.13}% 58
\BOOKMARK [2][-]{subsection.1.13.6}{\376\377\000E\000n\000v\000i\000r\000o\000n\000m\000e\000n\000t\000a\000l\000\040\000A\000c\000t\000i\000v\000a\000t\000i\000o\000n\000\040\000v\000s\000.\000\040\000P\000a\000r\000a\000m\000e\000t\000e\000r\000\040\000V\000a\000r\000i\000a\000t\000i\000o\000n}{section.1.13}% 59
\BOOKMARK [1][-]{section.1.14}{\376\377\000C\000a\000s\000e\000\040\000s\000t\000u\000d\000y\000\040\000\050\000T\000r\000o\000j\000a\000n\000\040\000i\000n\000\040\000a\000n\000\040\000A\000E\000S\000-\0001\0002\0008\000\051}{chapter.1}% 60
\BOOKMARK [1][-]{section.1.15}{\376\377\000C\000o\000n\000c\000l\000u\000s\000i\000o\000n}{chapter.1}% 61
\BOOKMARK [0][-]{chapter.2}{\376\377\000H\000a\000r\000d\000w\000a\000r\000e\000\040\000t\000r\000o\000j\000a\000n\000\040\000I\000n\000s\000e\000r\000t\000i\000o\000n\000/\000D\000e\000t\000e\000c\000t\000i\000o\000n\000\040\000P\000r\000i\000n\000c\000i\000p\000l\000e\000\040\000a\000p\000p\000r\000o\000a\000c\000h\000e\000s\000\040\000a\000n\000d\000\040\000t\000o\000o\000l\000s}{}% 62
\BOOKMARK [1][-]{section.2.1}{\376\377\000I\000n\000t\000r\000o\000d\000u\000c\000t\000i\000o\000n}{chapter.2}% 63
\BOOKMARK [1][-]{section.2.2}{\376\377\000I\000n\000s\000e\000r\000t\000i\000o\000n\000\040\000A\000p\000p\000r\000o\000a\000c\000h\000e\000s}{chapter.2}% 64
\BOOKMARK [2][-]{subsection.2.2.1}{\376\377\000I\000n\000s\000e\000r\000t\000i\000o\000n\000\040\000p\000h\000a\000s\000e}{section.2.2}% 65
\BOOKMARK [2][-]{subsection.2.2.2}{\376\377\000\040\000A\000b\000s\000t\000r\000a\000c\000t\000i\000o\000n\000\040\000L\000e\000v\000e\000l}{section.2.2}% 66
\BOOKMARK [2][-]{subsection.2.2.3}{\376\377\000S\000o\000m\000e\000\040\000e\000m\000p\000l\000o\000y\000e\000d\000\040\000s\000t\000r\000a\000t\000e\000g\000i\000e\000s\000\040\000i\000n\000\040\000t\000h\000e\000\040\000i\000n\000s\000e\000r\000t\000i\000o\000n\000\040\000o\000f\000\040\000H\000T\000s}{section.2.2}% 67
\BOOKMARK [1][-]{section.2.3}{\376\377\000D\000e\000t\000e\000c\000t\000i\000o\000n\000\040\000T\000e\000c\000h\000n\000i\000q\000u\000e\000s}{chapter.2}% 68
\BOOKMARK [1][-]{section.2.4}{\376\377\000S\000o\000f\000t\000w\000a\000r\000e\000\040\000a\000n\000d\000\040\000H\000a\000r\000d\000w\000a\000r\000e\000\040\000M\000a\000t\000e\000r\000i\000a\000l\000s\000\040\000i\000n\000\040\000T\000r\000o\000j\000a\000n\000\040\000M\000i\000t\000i\000g\000a\000t\000i\000o\000n}{chapter.2}% 69
